mode: set
github.com/scharph/orda/internal/repository/user/role_repo.go:20.41,22.2 1 1
github.com/scharph/orda/internal/repository/user/role_repo.go:24.89,25.17 1 1
github.com/scharph/orda/internal/repository/user/role_repo.go:25.17,27.3 1 1
github.com/scharph/orda/internal/repository/user/role_repo.go:30.2,30.45 1 1
github.com/scharph/orda/internal/repository/user/role_repo.go:30.45,32.3 1 1
github.com/scharph/orda/internal/repository/user/role_repo.go:35.2,36.67 2 1
github.com/scharph/orda/internal/repository/user/role_repo.go:36.67,41.26 3 1
github.com/scharph/orda/internal/repository/user/role_repo.go:41.26,43.4 1 1
github.com/scharph/orda/internal/repository/user/role_repo.go:45.3,45.55 1 1
github.com/scharph/orda/internal/repository/user/role_repo.go:45.55,47.4 1 0
github.com/scharph/orda/internal/repository/user/role_repo.go:50.3,50.47 1 1
github.com/scharph/orda/internal/repository/user/role_repo.go:50.47,52.4 1 0
github.com/scharph/orda/internal/repository/user/role_repo.go:54.3,55.13 2 1
github.com/scharph/orda/internal/repository/user/role_repo.go:58.2,58.16 1 1
github.com/scharph/orda/internal/repository/user/role_repo.go:58.16,60.3 1 1
github.com/scharph/orda/internal/repository/user/role_repo.go:62.2,62.25 1 1
github.com/scharph/orda/internal/repository/user/role_repo.go:65.100,66.14 1 1
github.com/scharph/orda/internal/repository/user/role_repo.go:66.14,68.3 1 1
github.com/scharph/orda/internal/repository/user/role_repo.go:70.2,70.17 1 1
github.com/scharph/orda/internal/repository/user/role_repo.go:70.17,72.3 1 1
github.com/scharph/orda/internal/repository/user/role_repo.go:75.2,75.54 1 1
github.com/scharph/orda/internal/repository/user/role_repo.go:75.54,77.3 1 1
github.com/scharph/orda/internal/repository/user/role_repo.go:79.2,80.67 2 1
github.com/scharph/orda/internal/repository/user/role_repo.go:80.67,83.69 2 1
github.com/scharph/orda/internal/repository/user/role_repo.go:83.69,84.46 1 1
github.com/scharph/orda/internal/repository/user/role_repo.go:84.46,86.5 1 1
github.com/scharph/orda/internal/repository/user/role_repo.go:87.4,87.63 1 0
github.com/scharph/orda/internal/repository/user/role_repo.go:91.3,91.56 1 1
github.com/scharph/orda/internal/repository/user/role_repo.go:91.56,94.27 3 1
github.com/scharph/orda/internal/repository/user/role_repo.go:94.27,96.5 1 1
github.com/scharph/orda/internal/repository/user/role_repo.go:97.4,97.56 1 1
github.com/scharph/orda/internal/repository/user/role_repo.go:97.56,99.5 1 0
github.com/scharph/orda/internal/repository/user/role_repo.go:103.3,107.26 3 1
github.com/scharph/orda/internal/repository/user/role_repo.go:107.26,109.4 1 0
github.com/scharph/orda/internal/repository/user/role_repo.go:111.3,111.31 1 1
github.com/scharph/orda/internal/repository/user/role_repo.go:111.31,113.4 1 0
github.com/scharph/orda/internal/repository/user/role_repo.go:116.3,116.86 1 1
github.com/scharph/orda/internal/repository/user/role_repo.go:116.86,118.4 1 0
github.com/scharph/orda/internal/repository/user/role_repo.go:120.3,121.13 2 1
github.com/scharph/orda/internal/repository/user/role_repo.go:124.2,124.16 1 1
github.com/scharph/orda/internal/repository/user/role_repo.go:124.16,126.3 1 1
github.com/scharph/orda/internal/repository/user/role_repo.go:128.2,128.25 1 1
github.com/scharph/orda/internal/repository/user/role_repo.go:131.73,132.14 1 1
github.com/scharph/orda/internal/repository/user/role_repo.go:132.14,134.3 1 1
github.com/scharph/orda/internal/repository/user/role_repo.go:136.2,137.67 2 1
github.com/scharph/orda/internal/repository/user/role_repo.go:137.67,140.78 2 1
github.com/scharph/orda/internal/repository/user/role_repo.go:140.78,141.46 1 1
github.com/scharph/orda/internal/repository/user/role_repo.go:141.46,143.5 1 1
github.com/scharph/orda/internal/repository/user/role_repo.go:144.4,144.63 1 0
github.com/scharph/orda/internal/repository/user/role_repo.go:148.3,148.26 1 1
github.com/scharph/orda/internal/repository/user/role_repo.go:148.26,150.4 1 1
github.com/scharph/orda/internal/repository/user/role_repo.go:153.3,153.86 1 1
github.com/scharph/orda/internal/repository/user/role_repo.go:153.86,155.4 1 0
github.com/scharph/orda/internal/repository/user/role_repo.go:158.3,159.26 2 1
github.com/scharph/orda/internal/repository/user/role_repo.go:159.26,161.4 1 0
github.com/scharph/orda/internal/repository/user/role_repo.go:163.3,164.13 2 1
github.com/scharph/orda/internal/repository/user/role_repo.go:167.2,167.16 1 1
github.com/scharph/orda/internal/repository/user/role_repo.go:167.16,169.3 1 1
github.com/scharph/orda/internal/repository/user/role_repo.go:171.2,171.21 1 1
github.com/scharph/orda/internal/repository/user/role_repo.go:174.83,175.14 1 1
github.com/scharph/orda/internal/repository/user/role_repo.go:175.14,177.3 1 1
github.com/scharph/orda/internal/repository/user/role_repo.go:179.2,182.53 3 1
github.com/scharph/orda/internal/repository/user/role_repo.go:182.53,184.3 1 1
github.com/scharph/orda/internal/repository/user/role_repo.go:186.2,186.25 1 1
github.com/scharph/orda/internal/repository/user/role_repo.go:186.25,188.3 1 1
github.com/scharph/orda/internal/repository/user/role_repo.go:190.2,190.19 1 1
github.com/scharph/orda/internal/repository/user/role_repo.go:193.87,194.16 1 1
github.com/scharph/orda/internal/repository/user/role_repo.go:194.16,196.3 1 1
github.com/scharph/orda/internal/repository/user/role_repo.go:198.2,201.53 3 1
github.com/scharph/orda/internal/repository/user/role_repo.go:201.53,203.3 1 1
github.com/scharph/orda/internal/repository/user/role_repo.go:205.2,205.25 1 1
github.com/scharph/orda/internal/repository/user/role_repo.go:205.25,207.3 1 1
github.com/scharph/orda/internal/repository/user/role_repo.go:209.2,209.19 1 1
github.com/scharph/orda/internal/repository/user/role_repo.go:212.70,216.25 3 1
github.com/scharph/orda/internal/repository/user/role_repo.go:216.25,218.3 1 1
github.com/scharph/orda/internal/repository/user/role_repo.go:220.2,220.19 1 1
github.com/scharph/orda/internal/repository/user/role_repo.go:224.99,225.14 1 1
github.com/scharph/orda/internal/repository/user/role_repo.go:225.14,227.3 1 0
github.com/scharph/orda/internal/repository/user/role_repo.go:229.2,229.25 1 1
github.com/scharph/orda/internal/repository/user/role_repo.go:229.25,231.3 1 0
github.com/scharph/orda/internal/repository/user/role_repo.go:233.2,233.25 1 1
github.com/scharph/orda/internal/repository/user/role_repo.go:233.25,235.3 1 0
github.com/scharph/orda/internal/repository/user/role_repo.go:237.2,238.67 2 1
github.com/scharph/orda/internal/repository/user/role_repo.go:238.67,241.78 2 1
github.com/scharph/orda/internal/repository/user/role_repo.go:241.78,242.46 1 0
github.com/scharph/orda/internal/repository/user/role_repo.go:242.46,244.5 1 0
github.com/scharph/orda/internal/repository/user/role_repo.go:245.4,245.63 1 0
github.com/scharph/orda/internal/repository/user/role_repo.go:249.3,250.79 2 1
github.com/scharph/orda/internal/repository/user/role_repo.go:250.79,251.46 1 0
github.com/scharph/orda/internal/repository/user/role_repo.go:251.46,253.5 1 0
github.com/scharph/orda/internal/repository/user/role_repo.go:254.4,254.63 1 0
github.com/scharph/orda/internal/repository/user/role_repo.go:258.3,258.26 1 1
github.com/scharph/orda/internal/repository/user/role_repo.go:258.26,259.115 1 1
github.com/scharph/orda/internal/repository/user/role_repo.go:259.115,261.5 1 0
github.com/scharph/orda/internal/repository/user/role_repo.go:265.3,265.86 1 1
github.com/scharph/orda/internal/repository/user/role_repo.go:265.86,267.4 1 0
github.com/scharph/orda/internal/repository/user/role_repo.go:270.3,271.26 2 1
github.com/scharph/orda/internal/repository/user/role_repo.go:271.26,273.4 1 0
github.com/scharph/orda/internal/repository/user/role_repo.go:275.3,276.13 2 1
github.com/scharph/orda/internal/repository/user/role_repo.go:279.2,279.16 1 1
github.com/scharph/orda/internal/repository/user/role_repo.go:279.16,281.3 1 0
github.com/scharph/orda/internal/repository/user/role_repo.go:283.2,283.21 1 1
github.com/scharph/orda/internal/repository/user/role_repo.go:287.58,288.21 1 1
github.com/scharph/orda/internal/repository/user/role_repo.go:288.21,290.3 1 1
github.com/scharph/orda/internal/repository/user/role_repo.go:292.2,292.24 1 1
github.com/scharph/orda/internal/repository/user/role_repo.go:292.24,294.3 1 1
github.com/scharph/orda/internal/repository/user/role_repo.go:296.2,296.25 1 1
github.com/scharph/orda/internal/repository/user/role_repo.go:296.25,298.3 1 1
github.com/scharph/orda/internal/repository/user/role_repo.go:300.2,300.12 1 1
github.com/scharph/orda/internal/repository/user/role_repo.go:304.67,305.21 1 1
github.com/scharph/orda/internal/repository/user/role_repo.go:305.21,306.25 1 1
github.com/scharph/orda/internal/repository/user/role_repo.go:306.25,308.4 1 1
github.com/scharph/orda/internal/repository/user/role_repo.go:310.3,310.26 1 1
github.com/scharph/orda/internal/repository/user/role_repo.go:310.26,312.4 1 0
github.com/scharph/orda/internal/repository/user/role_repo.go:315.2,315.12 1 1
github.com/scharph/orda/internal/repository/user/test_helpers.go:19.46,23.16 2 0
github.com/scharph/orda/internal/repository/user/test_helpers.go:23.16,25.3 1 0
github.com/scharph/orda/internal/repository/user/test_helpers.go:28.2,29.16 2 0
github.com/scharph/orda/internal/repository/user/test_helpers.go:29.16,31.3 1 0
github.com/scharph/orda/internal/repository/user/test_helpers.go:33.2,36.3 1 0
github.com/scharph/orda/internal/repository/user/test_helpers.go:40.63,42.2 1 0
github.com/scharph/orda/internal/repository/user/test_helpers.go:45.73,50.48 2 0
github.com/scharph/orda/internal/repository/user/test_helpers.go:50.48,52.3 1 0
github.com/scharph/orda/internal/repository/user/test_helpers.go:53.2,53.13 1 0
github.com/scharph/orda/internal/repository/user/test_helpers.go:57.86,59.2 1 0
github.com/scharph/orda/internal/repository/user/test_helpers.go:62.96,69.48 2 0
github.com/scharph/orda/internal/repository/user/test_helpers.go:69.48,71.3 1 0
github.com/scharph/orda/internal/repository/user/test_helpers.go:72.2,72.13 1 0
github.com/scharph/orda/internal/repository/user/test_helpers.go:76.78,78.29 2 0
github.com/scharph/orda/internal/repository/user/test_helpers.go:78.29,80.3 1 0
github.com/scharph/orda/internal/repository/user/test_helpers.go:81.2,81.14 1 0
github.com/scharph/orda/internal/repository/user/test_helpers.go:85.101,87.37 2 0
github.com/scharph/orda/internal/repository/user/test_helpers.go:87.37,89.3 1 0
github.com/scharph/orda/internal/repository/user/test_helpers.go:90.2,90.14 1 0
github.com/scharph/orda/internal/repository/user/test_helpers.go:94.85,95.30 1 0
github.com/scharph/orda/internal/repository/user/test_helpers.go:95.30,97.3 1 0
github.com/scharph/orda/internal/repository/user/test_helpers.go:98.2,98.42 1 0
github.com/scharph/orda/internal/repository/user/test_helpers.go:98.42,100.3 1 0
github.com/scharph/orda/internal/repository/user/test_helpers.go:101.2,101.38 1 0
github.com/scharph/orda/internal/repository/user/test_helpers.go:101.38,103.3 1 0
github.com/scharph/orda/internal/repository/user/test_helpers.go:107.85,108.30 1 0
github.com/scharph/orda/internal/repository/user/test_helpers.go:108.30,110.3 1 0
github.com/scharph/orda/internal/repository/user/test_helpers.go:111.2,111.34 1 0
github.com/scharph/orda/internal/repository/user/test_helpers.go:111.34,113.3 1 0
github.com/scharph/orda/internal/repository/user/test_helpers.go:117.58,119.66 2 0
github.com/scharph/orda/internal/repository/user/test_helpers.go:119.66,121.3 1 0
github.com/scharph/orda/internal/repository/user/test_helpers.go:125.61,127.66 2 0
github.com/scharph/orda/internal/repository/user/test_helpers.go:127.66,129.3 1 0
github.com/scharph/orda/internal/repository/user/test_helpers.go:133.58,135.66 2 0
github.com/scharph/orda/internal/repository/user/test_helpers.go:135.66,137.3 1 0
github.com/scharph/orda/internal/repository/user/test_helpers.go:141.61,143.66 2 0
github.com/scharph/orda/internal/repository/user/test_helpers.go:143.66,145.3 1 0
github.com/scharph/orda/internal/repository/user/test_helpers.go:149.41,153.2 3 0
github.com/scharph/orda/internal/repository/user/test_helpers.go:156.41,160.2 3 0
github.com/scharph/orda/internal/repository/user/test_helpers.go:163.61,167.2 3 0
github.com/scharph/orda/internal/repository/user/test_helpers.go:170.40,175.2 3 0
github.com/scharph/orda/internal/repository/user/test_helpers.go:178.32,180.16 2 0
github.com/scharph/orda/internal/repository/user/test_helpers.go:180.16,182.3 1 0
github.com/scharph/orda/internal/repository/user/test_helpers.go:186.97,194.2 5 0
github.com/scharph/orda/internal/repository/user/test_helpers.go:197.84,202.2 1 0
github.com/scharph/orda/internal/repository/user/test_helpers.go:205.76,209.2 1 0
github.com/scharph/orda/internal/repository/user/test_helpers.go:212.79,215.16 3 0
github.com/scharph/orda/internal/repository/user/test_helpers.go:215.16,217.3 1 0
github.com/scharph/orda/internal/repository/user/test_helpers.go:218.2,218.19 1 0
github.com/scharph/orda/internal/repository/user/test_helpers.go:222.71,225.16 3 0
github.com/scharph/orda/internal/repository/user/test_helpers.go:225.16,227.3 1 0
github.com/scharph/orda/internal/repository/user/test_helpers.go:228.2,228.19 1 0
github.com/scharph/orda/internal/repository/user/test_helpers.go:232.45,234.2 1 0
github.com/scharph/orda/internal/repository/user/test_helpers.go:237.39,239.2 1 0
github.com/scharph/orda/internal/repository/user/user_repo.go:20.41,22.2 1 1
github.com/scharph/orda/internal/repository/user/user_repo.go:24.89,25.17 1 1
github.com/scharph/orda/internal/repository/user/user_repo.go:25.17,27.3 1 1
github.com/scharph/orda/internal/repository/user/user_repo.go:30.2,30.45 1 1
github.com/scharph/orda/internal/repository/user/user_repo.go:30.45,32.3 1 1
github.com/scharph/orda/internal/repository/user/user_repo.go:35.2,36.67 2 1
github.com/scharph/orda/internal/repository/user/user_repo.go:36.67,41.26 3 1
github.com/scharph/orda/internal/repository/user/user_repo.go:41.26,43.4 1 1
github.com/scharph/orda/internal/repository/user/user_repo.go:45.3,45.55 1 1
github.com/scharph/orda/internal/repository/user/user_repo.go:45.55,47.4 1 0
github.com/scharph/orda/internal/repository/user/user_repo.go:50.3,51.70 2 1
github.com/scharph/orda/internal/repository/user/user_repo.go:51.70,52.46 1 1
github.com/scharph/orda/internal/repository/user/user_repo.go:52.46,54.5 1 1
github.com/scharph/orda/internal/repository/user/user_repo.go:55.4,55.55 1 0
github.com/scharph/orda/internal/repository/user/user_repo.go:59.3,59.47 1 1
github.com/scharph/orda/internal/repository/user/user_repo.go:59.47,61.4 1 0
github.com/scharph/orda/internal/repository/user/user_repo.go:63.3,64.13 2 1
github.com/scharph/orda/internal/repository/user/user_repo.go:67.2,67.16 1 1
github.com/scharph/orda/internal/repository/user/user_repo.go:67.16,69.3 1 1
github.com/scharph/orda/internal/repository/user/user_repo.go:71.2,71.25 1 1
github.com/scharph/orda/internal/repository/user/user_repo.go:74.79,76.22 2 1
github.com/scharph/orda/internal/repository/user/user_repo.go:76.22,78.3 1 1
github.com/scharph/orda/internal/repository/user/user_repo.go:79.2,79.19 1 1
github.com/scharph/orda/internal/repository/user/user_repo.go:82.103,83.20 1 1
github.com/scharph/orda/internal/repository/user/user_repo.go:83.20,85.3 1 1
github.com/scharph/orda/internal/repository/user/user_repo.go:87.2,88.50 2 1
github.com/scharph/orda/internal/repository/user/user_repo.go:88.50,90.3 1 1
github.com/scharph/orda/internal/repository/user/user_repo.go:91.2,91.22 1 1
github.com/scharph/orda/internal/repository/user/user_repo.go:91.22,93.3 1 1
github.com/scharph/orda/internal/repository/user/user_repo.go:94.2,94.18 1 1
github.com/scharph/orda/internal/repository/user/user_repo.go:97.91,98.14 1 1
github.com/scharph/orda/internal/repository/user/user_repo.go:98.14,100.3 1 1
github.com/scharph/orda/internal/repository/user/user_repo.go:102.2,103.50 2 1
github.com/scharph/orda/internal/repository/user/user_repo.go:103.50,105.3 1 1
github.com/scharph/orda/internal/repository/user/user_repo.go:106.2,106.22 1 1
github.com/scharph/orda/internal/repository/user/user_repo.go:106.22,108.3 1 1
github.com/scharph/orda/internal/repository/user/user_repo.go:109.2,109.18 1 1
github.com/scharph/orda/internal/repository/user/user_repo.go:112.100,113.14 1 1
github.com/scharph/orda/internal/repository/user/user_repo.go:113.14,115.3 1 1
github.com/scharph/orda/internal/repository/user/user_repo.go:117.2,117.17 1 1
github.com/scharph/orda/internal/repository/user/user_repo.go:117.17,119.3 1 1
github.com/scharph/orda/internal/repository/user/user_repo.go:122.2,122.54 1 1
github.com/scharph/orda/internal/repository/user/user_repo.go:122.54,124.3 1 1
github.com/scharph/orda/internal/repository/user/user_repo.go:126.2,127.67 2 1
github.com/scharph/orda/internal/repository/user/user_repo.go:127.67,130.69 2 1
github.com/scharph/orda/internal/repository/user/user_repo.go:130.69,131.46 1 1
github.com/scharph/orda/internal/repository/user/user_repo.go:131.46,133.5 1 1
github.com/scharph/orda/internal/repository/user/user_repo.go:134.4,134.63 1 0
github.com/scharph/orda/internal/repository/user/user_repo.go:138.3,138.68 1 1
github.com/scharph/orda/internal/repository/user/user_repo.go:138.68,141.27 3 1
github.com/scharph/orda/internal/repository/user/user_repo.go:141.27,143.5 1 1
github.com/scharph/orda/internal/repository/user/user_repo.go:144.4,144.56 1 1
github.com/scharph/orda/internal/repository/user/user_repo.go:144.56,146.5 1 0
github.com/scharph/orda/internal/repository/user/user_repo.go:150.3,150.24 1 1
github.com/scharph/orda/internal/repository/user/user_repo.go:150.24,152.71 2 0
github.com/scharph/orda/internal/repository/user/user_repo.go:152.71,153.47 1 0
github.com/scharph/orda/internal/repository/user/user_repo.go:153.47,155.6 1 0
github.com/scharph/orda/internal/repository/user/user_repo.go:156.5,156.56 1 0
github.com/scharph/orda/internal/repository/user/user_repo.go:161.3,165.26 3 1
github.com/scharph/orda/internal/repository/user/user_repo.go:165.26,167.4 1 0
github.com/scharph/orda/internal/repository/user/user_repo.go:169.3,169.31 1 1
github.com/scharph/orda/internal/repository/user/user_repo.go:169.31,171.4 1 0
github.com/scharph/orda/internal/repository/user/user_repo.go:174.3,174.85 1 1
github.com/scharph/orda/internal/repository/user/user_repo.go:174.85,176.4 1 0
github.com/scharph/orda/internal/repository/user/user_repo.go:178.3,179.13 2 1
github.com/scharph/orda/internal/repository/user/user_repo.go:182.2,182.16 1 1
github.com/scharph/orda/internal/repository/user/user_repo.go:182.16,184.3 1 1
github.com/scharph/orda/internal/repository/user/user_repo.go:186.2,186.25 1 1
github.com/scharph/orda/internal/repository/user/user_repo.go:189.73,190.14 1 1
github.com/scharph/orda/internal/repository/user/user_repo.go:190.14,192.3 1 1
github.com/scharph/orda/internal/repository/user/user_repo.go:194.2,195.67 2 1
github.com/scharph/orda/internal/repository/user/user_repo.go:195.67,198.61 2 1
github.com/scharph/orda/internal/repository/user/user_repo.go:198.61,199.46 1 1
github.com/scharph/orda/internal/repository/user/user_repo.go:199.46,201.5 1 1
github.com/scharph/orda/internal/repository/user/user_repo.go:202.4,202.63 1 0
github.com/scharph/orda/internal/repository/user/user_repo.go:206.3,207.26 2 1
github.com/scharph/orda/internal/repository/user/user_repo.go:207.26,209.4 1 0
github.com/scharph/orda/internal/repository/user/user_repo.go:211.3,212.13 2 1
github.com/scharph/orda/internal/repository/user/user_repo.go:215.2,215.16 1 1
github.com/scharph/orda/internal/repository/user/user_repo.go:215.16,217.3 1 1
github.com/scharph/orda/internal/repository/user/user_repo.go:219.2,219.21 1 1
github.com/scharph/orda/internal/repository/user/user_repo.go:223.77,224.14 1 1
github.com/scharph/orda/internal/repository/user/user_repo.go:224.14,226.3 1 0
github.com/scharph/orda/internal/repository/user/user_repo.go:228.2,229.25 2 1
github.com/scharph/orda/internal/repository/user/user_repo.go:229.25,231.3 1 0
github.com/scharph/orda/internal/repository/user/user_repo.go:233.2,233.37 1 1
github.com/scharph/orda/internal/repository/user/user_repo.go:237.58,238.25 1 1
github.com/scharph/orda/internal/repository/user/user_repo.go:238.25,240.3 1 1
github.com/scharph/orda/internal/repository/user/user_repo.go:242.2,242.55 1 1
github.com/scharph/orda/internal/repository/user/user_repo.go:242.55,244.3 1 1
github.com/scharph/orda/internal/repository/user/user_repo.go:246.2,246.25 1 1
github.com/scharph/orda/internal/repository/user/user_repo.go:246.25,248.3 1 1
github.com/scharph/orda/internal/repository/user/user_repo.go:250.2,250.28 1 1
github.com/scharph/orda/internal/repository/user/user_repo.go:250.28,252.3 1 1
github.com/scharph/orda/internal/repository/user/user_repo.go:254.2,254.23 1 1
github.com/scharph/orda/internal/repository/user/user_repo.go:254.23,256.3 1 1
github.com/scharph/orda/internal/repository/user/user_repo.go:258.2,258.12 1 1
github.com/scharph/orda/internal/repository/user/user_repo.go:262.67,263.25 1 1
github.com/scharph/orda/internal/repository/user/user_repo.go:263.25,264.56 1 1
github.com/scharph/orda/internal/repository/user/user_repo.go:264.56,266.4 1 1
github.com/scharph/orda/internal/repository/user/user_repo.go:269.2,269.25 1 1
github.com/scharph/orda/internal/repository/user/user_repo.go:269.25,270.29 1 1
github.com/scharph/orda/internal/repository/user/user_repo.go:270.29,272.4 1 1
github.com/scharph/orda/internal/repository/user/user_repo.go:275.2,275.12 1 1
